2023-04-03 04:34:13,774 [Worker-6: Loading available Gradle versions] INFO  o.e.b.c.i.u.g.PublishedGradleVersions - Gradle version information cache is up-to-date. Trying to read.
2023-04-03 04:36:16,133 [Worker-1: Loading available Gradle versions] INFO  o.e.b.c.i.u.g.PublishedGradleVersions - Gradle version information cache is up-to-date. Trying to read.
2023-04-03 04:50:01,111 [Worker-6: Importing Maven projects] INFO  o.e.m.c.i.l.LifecycleMappingFactory - Using org.eclipse.m2e.jdt.JarLifecycleMapping lifecycle mapping for MavenProject: com.greatlearning:EMS:1.0 @ W:\GLR JAV FILES\WORKS GLR\SPRING Lab Assessment 5\EMS\pom.xml.
2023-04-03 04:50:04,777 [Worker-6: Importing Maven projects] INFO  o.e.m.j.i.AbstractJavaProjectConfigurator - Adding source folder /EMS/src/main/java
2023-04-03 04:50:04,779 [Worker-6: Importing Maven projects] INFO  o.e.m.j.i.AbstractJavaProjectConfigurator - Adding resource folder /EMS/src/main/resources
2023-04-03 04:50:04,780 [Worker-6: Importing Maven projects] INFO  o.e.m.j.i.AbstractJavaProjectConfigurator - Adding resource folder /EMS/src/main/resources
2023-04-03 04:50:04,783 [Worker-6: Importing Maven projects] INFO  o.e.m.j.i.AbstractJavaProjectConfigurator - Adding source folder /EMS/src/test/java
2023-04-03 04:50:16,793 [Worker-8: Launching Executing clean in W__GLR JAV FILES_WORKS GLR_SPRING Lab Assessment 5_EMS] INFO  o.eclipse.m2e.core.internal.Bundles - getClasspathEntries(Bundle=org.eclipse.m2e.maven.runtime_3.8.701.20230209-1606 [346])
2023-04-03 04:50:16,823 [Worker-8: Launching Executing clean in W__GLR JAV FILES_WORKS GLR_SPRING Lab Assessment 5_EMS] INFO  o.eclipse.m2e.core.internal.Bundles - 	Entry: C:\Programs Non Extracted\sts-4.18.0.RELEASE\plugins\org.eclipse.m2e.maven.runtime_3.8.701.20230209-1606
2023-04-03 04:50:16,824 [Worker-8: Launching Executing clean in W__GLR JAV FILES_WORKS GLR_SPRING Lab Assessment 5_EMS] INFO  o.eclipse.m2e.core.internal.Bundles - 	Entry: C:\Programs Non Extracted\sts-4.18.0.RELEASE\plugins\org.eclipse.m2e.maven.runtime_3.8.701.20230209-1606\jars\aether-connector-okhttp-0.17.8.jar
2023-04-03 04:50:16,825 [Worker-8: Launching Executing clean in W__GLR JAV FILES_WORKS GLR_SPRING Lab Assessment 5_EMS] INFO  o.eclipse.m2e.core.internal.Bundles - 	Entry: C:\Programs Non Extracted\sts-4.18.0.RELEASE\plugins\org.eclipse.m2e.maven.runtime_3.8.701.20230209-1606\jars\commons-lang3-3.8.1.jar
2023-04-03 04:50:16,826 [Worker-8: Launching Executing clean in W__GLR JAV FILES_WORKS GLR_SPRING Lab Assessment 5_EMS] INFO  o.eclipse.m2e.core.internal.Bundles - 	Entry: C:\Programs Non Extracted\sts-4.18.0.RELEASE\plugins\org.eclipse.m2e.maven.runtime_3.8.701.20230209-1606\jars\guice-4.2.2-no_aop.jar
2023-04-03 04:50:16,827 [Worker-8: Launching Executing clean in W__GLR JAV FILES_WORKS GLR_SPRING Lab Assessment 5_EMS] INFO  o.eclipse.m2e.core.internal.Bundles - 	Entry: C:\Programs Non Extracted\sts-4.18.0.RELEASE\plugins\org.eclipse.m2e.maven.runtime_3.8.701.20230209-1606\jars\jansi-2.4.0.jar
2023-04-03 04:50:16,827 [Worker-8: Launching Executing clean in W__GLR JAV FILES_WORKS GLR_SPRING Lab Assessment 5_EMS] INFO  o.eclipse.m2e.core.internal.Bundles - 	Entry: C:\Programs Non Extracted\sts-4.18.0.RELEASE\plugins\org.eclipse.m2e.maven.runtime_3.8.701.20230209-1606\jars\maven-artifact-3.8.7.jar
2023-04-03 04:50:16,828 [Worker-8: Launching Executing clean in W__GLR JAV FILES_WORKS GLR_SPRING Lab Assessment 5_EMS] INFO  o.eclipse.m2e.core.internal.Bundles - 	Entry: C:\Programs Non Extracted\sts-4.18.0.RELEASE\plugins\org.eclipse.m2e.maven.runtime_3.8.701.20230209-1606\jars\maven-builder-support-3.8.7.jar
2023-04-03 04:50:16,829 [Worker-8: Launching Executing clean in W__GLR JAV FILES_WORKS GLR_SPRING Lab Assessment 5_EMS] INFO  o.eclipse.m2e.core.internal.Bundles - 	Entry: C:\Programs Non Extracted\sts-4.18.0.RELEASE\plugins\org.eclipse.m2e.maven.runtime_3.8.701.20230209-1606\jars\maven-compat-3.8.7.jar
2023-04-03 04:50:16,830 [Worker-8: Launching Executing clean in W__GLR JAV FILES_WORKS GLR_SPRING Lab Assessment 5_EMS] INFO  o.eclipse.m2e.core.internal.Bundles - 	Entry: C:\Programs Non Extracted\sts-4.18.0.RELEASE\plugins\org.eclipse.m2e.maven.runtime_3.8.701.20230209-1606\jars\maven-core-3.8.7.jar
2023-04-03 04:50:16,831 [Worker-8: Launching Executing clean in W__GLR JAV FILES_WORKS GLR_SPRING Lab Assessment 5_EMS] INFO  o.eclipse.m2e.core.internal.Bundles - 	Entry: C:\Programs Non Extracted\sts-4.18.0.RELEASE\plugins\org.eclipse.m2e.maven.runtime_3.8.701.20230209-1606\jars\maven-embedder-3.8.7.jar
2023-04-03 04:50:16,832 [Worker-8: Launching Executing clean in W__GLR JAV FILES_WORKS GLR_SPRING Lab Assessment 5_EMS] INFO  o.eclipse.m2e.core.internal.Bundles - 	Entry: C:\Programs Non Extracted\sts-4.18.0.RELEASE\plugins\org.eclipse.m2e.maven.runtime_3.8.701.20230209-1606\jars\maven-model-3.8.7.jar
2023-04-03 04:50:16,833 [Worker-8: Launching Executing clean in W__GLR JAV FILES_WORKS GLR_SPRING Lab Assessment 5_EMS] INFO  o.eclipse.m2e.core.internal.Bundles - 	Entry: C:\Programs Non Extracted\sts-4.18.0.RELEASE\plugins\org.eclipse.m2e.maven.runtime_3.8.701.20230209-1606\jars\maven-model-builder-3.8.7.jar
2023-04-03 04:50:16,834 [Worker-8: Launching Executing clean in W__GLR JAV FILES_WORKS GLR_SPRING Lab Assessment 5_EMS] INFO  o.eclipse.m2e.core.internal.Bundles - 	Entry: C:\Programs Non Extracted\sts-4.18.0.RELEASE\plugins\org.eclipse.m2e.maven.runtime_3.8.701.20230209-1606\jars\maven-plugin-api-3.8.7.jar
2023-04-03 04:50:16,835 [Worker-8: Launching Executing clean in W__GLR JAV FILES_WORKS GLR_SPRING Lab Assessment 5_EMS] INFO  o.eclipse.m2e.core.internal.Bundles - 	Entry: C:\Programs Non Extracted\sts-4.18.0.RELEASE\plugins\org.eclipse.m2e.maven.runtime_3.8.701.20230209-1606\jars\maven-repository-metadata-3.8.7.jar
2023-04-03 04:50:16,836 [Worker-8: Launching Executing clean in W__GLR JAV FILES_WORKS GLR_SPRING Lab Assessment 5_EMS] INFO  o.eclipse.m2e.core.internal.Bundles - 	Entry: C:\Programs Non Extracted\sts-4.18.0.RELEASE\plugins\org.eclipse.m2e.maven.runtime_3.8.701.20230209-1606\jars\maven-resolver-api-1.6.3.jar
2023-04-03 04:50:16,836 [Worker-8: Launching Executing clean in W__GLR JAV FILES_WORKS GLR_SPRING Lab Assessment 5_EMS] INFO  o.eclipse.m2e.core.internal.Bundles - 	Entry: C:\Programs Non Extracted\sts-4.18.0.RELEASE\plugins\org.eclipse.m2e.maven.runtime_3.8.701.20230209-1606\jars\maven-resolver-connector-basic-1.6.3.jar
2023-04-03 04:50:16,837 [Worker-8: Launching Executing clean in W__GLR JAV FILES_WORKS GLR_SPRING Lab Assessment 5_EMS] INFO  o.eclipse.m2e.core.internal.Bundles - 	Entry: C:\Programs Non Extracted\sts-4.18.0.RELEASE\plugins\org.eclipse.m2e.maven.runtime_3.8.701.20230209-1606\jars\maven-resolver-impl-1.6.3.jar
2023-04-03 04:50:16,838 [Worker-8: Launching Executing clean in W__GLR JAV FILES_WORKS GLR_SPRING Lab Assessment 5_EMS] INFO  o.eclipse.m2e.core.internal.Bundles - 	Entry: C:\Programs Non Extracted\sts-4.18.0.RELEASE\plugins\org.eclipse.m2e.maven.runtime_3.8.701.20230209-1606\jars\maven-resolver-provider-3.8.7.jar
2023-04-03 04:50:16,838 [Worker-8: Launching Executing clean in W__GLR JAV FILES_WORKS GLR_SPRING Lab Assessment 5_EMS] INFO  o.eclipse.m2e.core.internal.Bundles - 	Entry: C:\Programs Non Extracted\sts-4.18.0.RELEASE\plugins\org.eclipse.m2e.maven.runtime_3.8.701.20230209-1606\jars\maven-resolver-spi-1.6.3.jar
2023-04-03 04:50:16,839 [Worker-8: Launching Executing clean in W__GLR JAV FILES_WORKS GLR_SPRING Lab Assessment 5_EMS] INFO  o.eclipse.m2e.core.internal.Bundles - 	Entry: C:\Programs Non Extracted\sts-4.18.0.RELEASE\plugins\org.eclipse.m2e.maven.runtime_3.8.701.20230209-1606\jars\maven-resolver-transport-wagon-1.6.3.jar
2023-04-03 04:50:16,840 [Worker-8: Launching Executing clean in W__GLR JAV FILES_WORKS GLR_SPRING Lab Assessment 5_EMS] INFO  o.eclipse.m2e.core.internal.Bundles - 	Entry: C:\Programs Non Extracted\sts-4.18.0.RELEASE\plugins\org.eclipse.m2e.maven.runtime_3.8.701.20230209-1606\jars\maven-resolver-util-1.6.3.jar
2023-04-03 04:50:16,841 [Worker-8: Launching Executing clean in W__GLR JAV FILES_WORKS GLR_SPRING Lab Assessment 5_EMS] INFO  o.eclipse.m2e.core.internal.Bundles - 	Entry: C:\Programs Non Extracted\sts-4.18.0.RELEASE\plugins\org.eclipse.m2e.maven.runtime_3.8.701.20230209-1606\jars\maven-settings-3.8.7.jar
2023-04-03 04:50:16,841 [Worker-8: Launching Executing clean in W__GLR JAV FILES_WORKS GLR_SPRING Lab Assessment 5_EMS] INFO  o.eclipse.m2e.core.internal.Bundles - 	Entry: C:\Programs Non Extracted\sts-4.18.0.RELEASE\plugins\org.eclipse.m2e.maven.runtime_3.8.701.20230209-1606\jars\maven-settings-builder-3.8.7.jar
2023-04-03 04:50:16,842 [Worker-8: Launching Executing clean in W__GLR JAV FILES_WORKS GLR_SPRING Lab Assessment 5_EMS] INFO  o.eclipse.m2e.core.internal.Bundles - 	Entry: C:\Programs Non Extracted\sts-4.18.0.RELEASE\plugins\org.eclipse.m2e.maven.runtime_3.8.701.20230209-1606\jars\maven-shared-utils-3.3.4.jar
2023-04-03 04:50:16,843 [Worker-8: Launching Executing clean in W__GLR JAV FILES_WORKS GLR_SPRING Lab Assessment 5_EMS] INFO  o.eclipse.m2e.core.internal.Bundles - 	Entry: C:\Programs Non Extracted\sts-4.18.0.RELEASE\plugins\org.eclipse.m2e.maven.runtime_3.8.701.20230209-1606\jars\okhttp-3.14.1.jar
2023-04-03 04:50:16,844 [Worker-8: Launching Executing clean in W__GLR JAV FILES_WORKS GLR_SPRING Lab Assessment 5_EMS] INFO  o.eclipse.m2e.core.internal.Bundles - 	Entry: C:\Programs Non Extracted\sts-4.18.0.RELEASE\plugins\org.eclipse.m2e.maven.runtime_3.8.701.20230209-1606\jars\okio-1.17.3.jar
2023-04-03 04:50:16,844 [Worker-8: Launching Executing clean in W__GLR JAV FILES_WORKS GLR_SPRING Lab Assessment 5_EMS] INFO  o.eclipse.m2e.core.internal.Bundles - 	Entry: C:\Programs Non Extracted\sts-4.18.0.RELEASE\plugins\org.eclipse.m2e.maven.runtime_3.8.701.20230209-1606\jars\org.eclipse.sisu.inject-0.3.5.jar
2023-04-03 04:50:16,845 [Worker-8: Launching Executing clean in W__GLR JAV FILES_WORKS GLR_SPRING Lab Assessment 5_EMS] INFO  o.eclipse.m2e.core.internal.Bundles - 	Entry: C:\Programs Non Extracted\sts-4.18.0.RELEASE\plugins\org.eclipse.m2e.maven.runtime_3.8.701.20230209-1606\jars\org.eclipse.sisu.plexus-0.3.5.jar
2023-04-03 04:50:16,846 [Worker-8: Launching Executing clean in W__GLR JAV FILES_WORKS GLR_SPRING Lab Assessment 5_EMS] INFO  o.eclipse.m2e.core.internal.Bundles - 	Entry: C:\Programs Non Extracted\sts-4.18.0.RELEASE\plugins\org.eclipse.m2e.maven.runtime_3.8.701.20230209-1606\jars\plexus-build-api-0.0.7.jar
2023-04-03 04:50:16,847 [Worker-8: Launching Executing clean in W__GLR JAV FILES_WORKS GLR_SPRING Lab Assessment 5_EMS] INFO  o.eclipse.m2e.core.internal.Bundles - 	Entry: C:\Programs Non Extracted\sts-4.18.0.RELEASE\plugins\org.eclipse.m2e.maven.runtime_3.8.701.20230209-1606\jars\plexus-cipher-2.0.jar
2023-04-03 04:50:16,848 [Worker-8: Launching Executing clean in W__GLR JAV FILES_WORKS GLR_SPRING Lab Assessment 5_EMS] INFO  o.eclipse.m2e.core.internal.Bundles - 	Entry: C:\Programs Non Extracted\sts-4.18.0.RELEASE\plugins\org.eclipse.m2e.maven.runtime_3.8.701.20230209-1606\jars\plexus-classworlds-2.6.0.jar
2023-04-03 04:50:16,848 [Worker-8: Launching Executing clean in W__GLR JAV FILES_WORKS GLR_SPRING Lab Assessment 5_EMS] INFO  o.eclipse.m2e.core.internal.Bundles - 	Entry: C:\Programs Non Extracted\sts-4.18.0.RELEASE\plugins\org.eclipse.m2e.maven.runtime_3.8.701.20230209-1606\jars\plexus-component-annotations-2.1.0.jar
2023-04-03 04:50:16,849 [Worker-8: Launching Executing clean in W__GLR JAV FILES_WORKS GLR_SPRING Lab Assessment 5_EMS] INFO  o.eclipse.m2e.core.internal.Bundles - 	Entry: C:\Programs Non Extracted\sts-4.18.0.RELEASE\plugins\org.eclipse.m2e.maven.runtime_3.8.701.20230209-1606\jars\plexus-interpolation-1.26.jar
2023-04-03 04:50:16,850 [Worker-8: Launching Executing clean in W__GLR JAV FILES_WORKS GLR_SPRING Lab Assessment 5_EMS] INFO  o.eclipse.m2e.core.internal.Bundles - 	Entry: C:\Programs Non Extracted\sts-4.18.0.RELEASE\plugins\org.eclipse.m2e.maven.runtime_3.8.701.20230209-1606\jars\plexus-sec-dispatcher-2.0.jar
2023-04-03 04:50:16,851 [Worker-8: Launching Executing clean in W__GLR JAV FILES_WORKS GLR_SPRING Lab Assessment 5_EMS] INFO  o.eclipse.m2e.core.internal.Bundles - 	Entry: C:\Programs Non Extracted\sts-4.18.0.RELEASE\plugins\org.eclipse.m2e.maven.runtime_3.8.701.20230209-1606\jars\plexus-utils-3.3.1.jar
2023-04-03 04:50:16,852 [Worker-8: Launching Executing clean in W__GLR JAV FILES_WORKS GLR_SPRING Lab Assessment 5_EMS] INFO  o.eclipse.m2e.core.internal.Bundles - 	Entry: C:\Programs Non Extracted\sts-4.18.0.RELEASE\plugins\org.eclipse.m2e.maven.runtime_3.8.701.20230209-1606\jars\wagon-file-3.5.3.jar
2023-04-03 04:50:16,852 [Worker-8: Launching Executing clean in W__GLR JAV FILES_WORKS GLR_SPRING Lab Assessment 5_EMS] INFO  o.eclipse.m2e.core.internal.Bundles - 	Entry: C:\Programs Non Extracted\sts-4.18.0.RELEASE\plugins\org.eclipse.m2e.maven.runtime_3.8.701.20230209-1606\jars\wagon-provider-api-3.5.3.jar
2023-04-03 04:50:16,856 [Worker-8: Launching Executing clean in W__GLR JAV FILES_WORKS GLR_SPRING Lab Assessment 5_EMS] INFO  o.eclipse.m2e.core.internal.Bundles - getClasspathEntries(Bundle=com.google.guava_31.1.0.jre [23])
2023-04-03 04:50:16,858 [Worker-8: Launching Executing clean in W__GLR JAV FILES_WORKS GLR_SPRING Lab Assessment 5_EMS] INFO  o.eclipse.m2e.core.internal.Bundles - 	Entry: C:\Programs Non Extracted\sts-4.18.0.RELEASE\plugins\com.google.guava_31.1.0.jre.jar
2023-04-03 04:50:16,858 [Worker-8: Launching Executing clean in W__GLR JAV FILES_WORKS GLR_SPRING Lab Assessment 5_EMS] INFO  o.eclipse.m2e.core.internal.Bundles - getClasspathEntries(Bundle=slf4j.api_1.7.36 [580])
2023-04-03 04:50:16,860 [Worker-8: Launching Executing clean in W__GLR JAV FILES_WORKS GLR_SPRING Lab Assessment 5_EMS] INFO  o.eclipse.m2e.core.internal.Bundles - 	Entry: C:\Programs Non Extracted\sts-4.18.0.RELEASE\plugins\slf4j.api_1.7.36.jar
2023-04-03 04:50:16,861 [Worker-8: Launching Executing clean in W__GLR JAV FILES_WORKS GLR_SPRING Lab Assessment 5_EMS] INFO  o.eclipse.m2e.core.internal.Bundles - getClasspathEntries(Bundle=javax.inject_1.0.0.v20220405-0441 [50])
2023-04-03 04:50:16,863 [Worker-8: Launching Executing clean in W__GLR JAV FILES_WORKS GLR_SPRING Lab Assessment 5_EMS] INFO  o.eclipse.m2e.core.internal.Bundles - 	Entry: C:\Programs Non Extracted\sts-4.18.0.RELEASE\plugins\javax.inject_1.0.0.v20220405-0441.jar
2023-04-03 04:50:16,864 [Worker-8: Launching Executing clean in W__GLR JAV FILES_WORKS GLR_SPRING Lab Assessment 5_EMS] INFO  o.eclipse.m2e.core.internal.Bundles - getClasspathEntries(Bundle=javax.annotation_1.3.5.v20221203-1659 [48])
2023-04-03 04:50:16,866 [Worker-8: Launching Executing clean in W__GLR JAV FILES_WORKS GLR_SPRING Lab Assessment 5_EMS] INFO  o.eclipse.m2e.core.internal.Bundles - 	Entry: C:\Programs Non Extracted\sts-4.18.0.RELEASE\plugins\javax.annotation_1.3.5.v20221203-1659.jar
2023-04-03 04:50:16,867 [Worker-8: Launching Executing clean in W__GLR JAV FILES_WORKS GLR_SPRING Lab Assessment 5_EMS] INFO  o.eclipse.m2e.core.internal.Bundles - getClasspathEntries(Bundle=org.apache.commons.cli_1.4.0.v20221112-0806 [73])
2023-04-03 04:50:16,869 [Worker-8: Launching Executing clean in W__GLR JAV FILES_WORKS GLR_SPRING Lab Assessment 5_EMS] INFO  o.eclipse.m2e.core.internal.Bundles - 	Entry: C:\Programs Non Extracted\sts-4.18.0.RELEASE\plugins\org.apache.commons.cli_1.4.0.v20221112-0806.jar
2023-04-03 04:50:16,870 [Worker-8: Launching Executing clean in W__GLR JAV FILES_WORKS GLR_SPRING Lab Assessment 5_EMS] INFO  o.eclipse.m2e.core.internal.Bundles - getClasspathEntries(Bundle=com.google.guava.failureaccess_1.0.1 [25])
2023-04-03 04:50:16,872 [Worker-8: Launching Executing clean in W__GLR JAV FILES_WORKS GLR_SPRING Lab Assessment 5_EMS] INFO  o.eclipse.m2e.core.internal.Bundles - 	Entry: C:\Programs Non Extracted\sts-4.18.0.RELEASE\plugins\com.google.guava.failureaccess_1.0.1.jar
2023-04-03 04:50:16,938 [Worker-8: Launching Executing clean in W__GLR JAV FILES_WORKS GLR_SPRING Lab Assessment 5_EMS] INFO  o.e.m.i.launch.MavenLaunchDelegate - Run build in "W:\GLR JAV FILES\WORKS GLR\SPRING Lab Assessment 5\EMS":
2023-04-03 04:50:16,945 [Worker-8: Launching Executing clean in W__GLR JAV FILES_WORKS GLR_SPRING Lab Assessment 5_EMS] INFO  o.e.m.i.launch.MavenLaunchDelegate -  mvn  -B -Dstyle.color=always clean
2023-04-03 04:50:23,174 [Worker-6: Importing Maven projects] INFO  o.e.m.c.i.p.ProjectConfigurationManager - Imported and configured 1 project(s) in 27 sec
2023-04-03 04:50:25,262 [Worker-16: Building] INFO  o.a.m.s.f.DefaultMavenResourcesFiltering - Copying 1 resource
2023-04-03 04:50:25,326 [Worker-16: Building] INFO  o.a.m.s.f.DefaultMavenResourcesFiltering - Copying 4 resources
2023-04-03 04:50:25,417 [Worker-16: Building] INFO  o.a.m.s.f.DefaultMavenResourcesFiltering - skip non existing resourceDirectory W:\GLR JAV FILES\WORKS GLR\SPRING Lab Assessment 5\EMS\src\test\resources
2023-04-03 04:51:02,634 [Worker-6: Launching Executing install in W__GLR JAV FILES_WORKS GLR_SPRING Lab Assessment 5_EMS] INFO  o.e.m.i.launch.MavenLaunchDelegate - Run build in "W:\GLR JAV FILES\WORKS GLR\SPRING Lab Assessment 5\EMS":
2023-04-03 04:51:02,635 [Worker-6: Launching Executing install in W__GLR JAV FILES_WORKS GLR_SPRING Lab Assessment 5_EMS] INFO  o.e.m.i.launch.MavenLaunchDelegate -  mvn  -B -Dstyle.color=always install
2023-04-03 05:11:37,022 [Worker-1: Loading available Gradle versions] INFO  o.e.b.c.i.u.g.PublishedGradleVersions - Gradle version information cache is up-to-date. Trying to read.
2023-04-03 05:13:25,399 [Worker-2: Building] INFO  o.a.m.s.f.DefaultMavenResourcesFiltering - Copying 1 resource
2023-04-03 05:13:25,494 [Worker-2: Building] INFO  o.a.m.s.f.DefaultMavenResourcesFiltering - Copying 4 resources
2023-04-03 05:13:25,549 [Worker-2: Building] INFO  o.a.m.s.f.DefaultMavenResourcesFiltering - skip non existing resourceDirectory W:\GLR JAV FILES\WORKS GLR\SPRING Lab Assessment 5\EMS\src\test\resources
2023-04-03 05:19:42,486 [Worker-0: Building] INFO  o.a.m.s.f.DefaultMavenResourcesFiltering - Copying 1 resource
2023-04-03 05:19:42,544 [Worker-0: Building] INFO  o.a.m.s.f.DefaultMavenResourcesFiltering - Copying 4 resources
2023-04-03 05:19:42,564 [Worker-0: Building] INFO  o.a.m.s.f.DefaultMavenResourcesFiltering - skip non existing resourceDirectory W:\GLR JAV FILES\WORKS GLR\SPRING Lab Assessment 5\EMS\src\test\resources
2023-04-03 05:19:45,011 [Worker-0: Building] INFO  o.a.m.s.f.DefaultMavenResourcesFiltering - Copying 1 resource
2023-04-03 05:19:45,027 [Worker-0: Building] INFO  o.a.m.s.f.DefaultMavenResourcesFiltering - Copying 4 resources
2023-04-03 05:19:45,038 [Worker-0: Building] INFO  o.a.m.s.f.DefaultMavenResourcesFiltering - skip non existing resourceDirectory W:\GLR JAV FILES\WORKS GLR\SPRING Lab Assessment 5\EMS\src\test\resources
2023-04-03 05:20:16,086 [Worker-10: Launching Executing clean in W__GLR JAV FILES_WORKS GLR_SPRING Lab Assessment 5_EMS] INFO  o.eclipse.m2e.core.internal.Bundles - getClasspathEntries(Bundle=org.eclipse.m2e.maven.runtime_3.8.701.20230209-1606 [346])
2023-04-03 05:20:16,096 [Worker-10: Launching Executing clean in W__GLR JAV FILES_WORKS GLR_SPRING Lab Assessment 5_EMS] INFO  o.eclipse.m2e.core.internal.Bundles - 	Entry: C:\Programs Non Extracted\sts-4.18.0.RELEASE\plugins\org.eclipse.m2e.maven.runtime_3.8.701.20230209-1606
2023-04-03 05:20:16,098 [Worker-10: Launching Executing clean in W__GLR JAV FILES_WORKS GLR_SPRING Lab Assessment 5_EMS] INFO  o.eclipse.m2e.core.internal.Bundles - 	Entry: C:\Programs Non Extracted\sts-4.18.0.RELEASE\plugins\org.eclipse.m2e.maven.runtime_3.8.701.20230209-1606\jars\aether-connector-okhttp-0.17.8.jar
2023-04-03 05:20:16,099 [Worker-10: Launching Executing clean in W__GLR JAV FILES_WORKS GLR_SPRING Lab Assessment 5_EMS] INFO  o.eclipse.m2e.core.internal.Bundles - 	Entry: C:\Programs Non Extracted\sts-4.18.0.RELEASE\plugins\org.eclipse.m2e.maven.runtime_3.8.701.20230209-1606\jars\commons-lang3-3.8.1.jar
2023-04-03 05:20:16,099 [Worker-10: Launching Executing clean in W__GLR JAV FILES_WORKS GLR_SPRING Lab Assessment 5_EMS] INFO  o.eclipse.m2e.core.internal.Bundles - 	Entry: C:\Programs Non Extracted\sts-4.18.0.RELEASE\plugins\org.eclipse.m2e.maven.runtime_3.8.701.20230209-1606\jars\guice-4.2.2-no_aop.jar
2023-04-03 05:20:16,100 [Worker-10: Launching Executing clean in W__GLR JAV FILES_WORKS GLR_SPRING Lab Assessment 5_EMS] INFO  o.eclipse.m2e.core.internal.Bundles - 	Entry: C:\Programs Non Extracted\sts-4.18.0.RELEASE\plugins\org.eclipse.m2e.maven.runtime_3.8.701.20230209-1606\jars\jansi-2.4.0.jar
2023-04-03 05:20:16,101 [Worker-10: Launching Executing clean in W__GLR JAV FILES_WORKS GLR_SPRING Lab Assessment 5_EMS] INFO  o.eclipse.m2e.core.internal.Bundles - 	Entry: C:\Programs Non Extracted\sts-4.18.0.RELEASE\plugins\org.eclipse.m2e.maven.runtime_3.8.701.20230209-1606\jars\maven-artifact-3.8.7.jar
2023-04-03 05:20:16,101 [Worker-10: Launching Executing clean in W__GLR JAV FILES_WORKS GLR_SPRING Lab Assessment 5_EMS] INFO  o.eclipse.m2e.core.internal.Bundles - 	Entry: C:\Programs Non Extracted\sts-4.18.0.RELEASE\plugins\org.eclipse.m2e.maven.runtime_3.8.701.20230209-1606\jars\maven-builder-support-3.8.7.jar
2023-04-03 05:20:16,102 [Worker-10: Launching Executing clean in W__GLR JAV FILES_WORKS GLR_SPRING Lab Assessment 5_EMS] INFO  o.eclipse.m2e.core.internal.Bundles - 	Entry: C:\Programs Non Extracted\sts-4.18.0.RELEASE\plugins\org.eclipse.m2e.maven.runtime_3.8.701.20230209-1606\jars\maven-compat-3.8.7.jar
2023-04-03 05:20:16,103 [Worker-10: Launching Executing clean in W__GLR JAV FILES_WORKS GLR_SPRING Lab Assessment 5_EMS] INFO  o.eclipse.m2e.core.internal.Bundles - 	Entry: C:\Programs Non Extracted\sts-4.18.0.RELEASE\plugins\org.eclipse.m2e.maven.runtime_3.8.701.20230209-1606\jars\maven-core-3.8.7.jar
2023-04-03 05:20:16,103 [Worker-10: Launching Executing clean in W__GLR JAV FILES_WORKS GLR_SPRING Lab Assessment 5_EMS] INFO  o.eclipse.m2e.core.internal.Bundles - 	Entry: C:\Programs Non Extracted\sts-4.18.0.RELEASE\plugins\org.eclipse.m2e.maven.runtime_3.8.701.20230209-1606\jars\maven-embedder-3.8.7.jar
2023-04-03 05:20:16,104 [Worker-10: Launching Executing clean in W__GLR JAV FILES_WORKS GLR_SPRING Lab Assessment 5_EMS] INFO  o.eclipse.m2e.core.internal.Bundles - 	Entry: C:\Programs Non Extracted\sts-4.18.0.RELEASE\plugins\org.eclipse.m2e.maven.runtime_3.8.701.20230209-1606\jars\maven-model-3.8.7.jar
2023-04-03 05:20:16,105 [Worker-10: Launching Executing clean in W__GLR JAV FILES_WORKS GLR_SPRING Lab Assessment 5_EMS] INFO  o.eclipse.m2e.core.internal.Bundles - 	Entry: C:\Programs Non Extracted\sts-4.18.0.RELEASE\plugins\org.eclipse.m2e.maven.runtime_3.8.701.20230209-1606\jars\maven-model-builder-3.8.7.jar
2023-04-03 05:20:16,105 [Worker-10: Launching Executing clean in W__GLR JAV FILES_WORKS GLR_SPRING Lab Assessment 5_EMS] INFO  o.eclipse.m2e.core.internal.Bundles - 	Entry: C:\Programs Non Extracted\sts-4.18.0.RELEASE\plugins\org.eclipse.m2e.maven.runtime_3.8.701.20230209-1606\jars\maven-plugin-api-3.8.7.jar
2023-04-03 05:20:16,106 [Worker-10: Launching Executing clean in W__GLR JAV FILES_WORKS GLR_SPRING Lab Assessment 5_EMS] INFO  o.eclipse.m2e.core.internal.Bundles - 	Entry: C:\Programs Non Extracted\sts-4.18.0.RELEASE\plugins\org.eclipse.m2e.maven.runtime_3.8.701.20230209-1606\jars\maven-repository-metadata-3.8.7.jar
2023-04-03 05:20:16,136 [Worker-10: Launching Executing clean in W__GLR JAV FILES_WORKS GLR_SPRING Lab Assessment 5_EMS] INFO  o.eclipse.m2e.core.internal.Bundles - 	Entry: C:\Programs Non Extracted\sts-4.18.0.RELEASE\plugins\org.eclipse.m2e.maven.runtime_3.8.701.20230209-1606\jars\maven-resolver-api-1.6.3.jar
2023-04-03 05:20:16,137 [Worker-10: Launching Executing clean in W__GLR JAV FILES_WORKS GLR_SPRING Lab Assessment 5_EMS] INFO  o.eclipse.m2e.core.internal.Bundles - 	Entry: C:\Programs Non Extracted\sts-4.18.0.RELEASE\plugins\org.eclipse.m2e.maven.runtime_3.8.701.20230209-1606\jars\maven-resolver-connector-basic-1.6.3.jar
2023-04-03 05:20:16,137 [Worker-10: Launching Executing clean in W__GLR JAV FILES_WORKS GLR_SPRING Lab Assessment 5_EMS] INFO  o.eclipse.m2e.core.internal.Bundles - 	Entry: C:\Programs Non Extracted\sts-4.18.0.RELEASE\plugins\org.eclipse.m2e.maven.runtime_3.8.701.20230209-1606\jars\maven-resolver-impl-1.6.3.jar
2023-04-03 05:20:16,138 [Worker-10: Launching Executing clean in W__GLR JAV FILES_WORKS GLR_SPRING Lab Assessment 5_EMS] INFO  o.eclipse.m2e.core.internal.Bundles - 	Entry: C:\Programs Non Extracted\sts-4.18.0.RELEASE\plugins\org.eclipse.m2e.maven.runtime_3.8.701.20230209-1606\jars\maven-resolver-provider-3.8.7.jar
2023-04-03 05:20:16,139 [Worker-10: Launching Executing clean in W__GLR JAV FILES_WORKS GLR_SPRING Lab Assessment 5_EMS] INFO  o.eclipse.m2e.core.internal.Bundles - 	Entry: C:\Programs Non Extracted\sts-4.18.0.RELEASE\plugins\org.eclipse.m2e.maven.runtime_3.8.701.20230209-1606\jars\maven-resolver-spi-1.6.3.jar
2023-04-03 05:20:16,139 [Worker-10: Launching Executing clean in W__GLR JAV FILES_WORKS GLR_SPRING Lab Assessment 5_EMS] INFO  o.eclipse.m2e.core.internal.Bundles - 	Entry: C:\Programs Non Extracted\sts-4.18.0.RELEASE\plugins\org.eclipse.m2e.maven.runtime_3.8.701.20230209-1606\jars\maven-resolver-transport-wagon-1.6.3.jar
2023-04-03 05:20:16,140 [Worker-10: Launching Executing clean in W__GLR JAV FILES_WORKS GLR_SPRING Lab Assessment 5_EMS] INFO  o.eclipse.m2e.core.internal.Bundles - 	Entry: C:\Programs Non Extracted\sts-4.18.0.RELEASE\plugins\org.eclipse.m2e.maven.runtime_3.8.701.20230209-1606\jars\maven-resolver-util-1.6.3.jar
2023-04-03 05:20:16,141 [Worker-10: Launching Executing clean in W__GLR JAV FILES_WORKS GLR_SPRING Lab Assessment 5_EMS] INFO  o.eclipse.m2e.core.internal.Bundles - 	Entry: C:\Programs Non Extracted\sts-4.18.0.RELEASE\plugins\org.eclipse.m2e.maven.runtime_3.8.701.20230209-1606\jars\maven-settings-3.8.7.jar
2023-04-03 05:20:16,142 [Worker-10: Launching Executing clean in W__GLR JAV FILES_WORKS GLR_SPRING Lab Assessment 5_EMS] INFO  o.eclipse.m2e.core.internal.Bundles - 	Entry: C:\Programs Non Extracted\sts-4.18.0.RELEASE\plugins\org.eclipse.m2e.maven.runtime_3.8.701.20230209-1606\jars\maven-settings-builder-3.8.7.jar
2023-04-03 05:20:16,143 [Worker-10: Launching Executing clean in W__GLR JAV FILES_WORKS GLR_SPRING Lab Assessment 5_EMS] INFO  o.eclipse.m2e.core.internal.Bundles - 	Entry: C:\Programs Non Extracted\sts-4.18.0.RELEASE\plugins\org.eclipse.m2e.maven.runtime_3.8.701.20230209-1606\jars\maven-shared-utils-3.3.4.jar
2023-04-03 05:20:16,143 [Worker-10: Launching Executing clean in W__GLR JAV FILES_WORKS GLR_SPRING Lab Assessment 5_EMS] INFO  o.eclipse.m2e.core.internal.Bundles - 	Entry: C:\Programs Non Extracted\sts-4.18.0.RELEASE\plugins\org.eclipse.m2e.maven.runtime_3.8.701.20230209-1606\jars\okhttp-3.14.1.jar
2023-04-03 05:20:16,144 [Worker-10: Launching Executing clean in W__GLR JAV FILES_WORKS GLR_SPRING Lab Assessment 5_EMS] INFO  o.eclipse.m2e.core.internal.Bundles - 	Entry: C:\Programs Non Extracted\sts-4.18.0.RELEASE\plugins\org.eclipse.m2e.maven.runtime_3.8.701.20230209-1606\jars\okio-1.17.3.jar
2023-04-03 05:20:16,145 [Worker-10: Launching Executing clean in W__GLR JAV FILES_WORKS GLR_SPRING Lab Assessment 5_EMS] INFO  o.eclipse.m2e.core.internal.Bundles - 	Entry: C:\Programs Non Extracted\sts-4.18.0.RELEASE\plugins\org.eclipse.m2e.maven.runtime_3.8.701.20230209-1606\jars\org.eclipse.sisu.inject-0.3.5.jar
2023-04-03 05:20:16,145 [Worker-10: Launching Executing clean in W__GLR JAV FILES_WORKS GLR_SPRING Lab Assessment 5_EMS] INFO  o.eclipse.m2e.core.internal.Bundles - 	Entry: C:\Programs Non Extracted\sts-4.18.0.RELEASE\plugins\org.eclipse.m2e.maven.runtime_3.8.701.20230209-1606\jars\org.eclipse.sisu.plexus-0.3.5.jar
2023-04-03 05:20:16,146 [Worker-10: Launching Executing clean in W__GLR JAV FILES_WORKS GLR_SPRING Lab Assessment 5_EMS] INFO  o.eclipse.m2e.core.internal.Bundles - 	Entry: C:\Programs Non Extracted\sts-4.18.0.RELEASE\plugins\org.eclipse.m2e.maven.runtime_3.8.701.20230209-1606\jars\plexus-build-api-0.0.7.jar
2023-04-03 05:20:16,147 [Worker-10: Launching Executing clean in W__GLR JAV FILES_WORKS GLR_SPRING Lab Assessment 5_EMS] INFO  o.eclipse.m2e.core.internal.Bundles - 	Entry: C:\Programs Non Extracted\sts-4.18.0.RELEASE\plugins\org.eclipse.m2e.maven.runtime_3.8.701.20230209-1606\jars\plexus-cipher-2.0.jar
2023-04-03 05:20:16,148 [Worker-10: Launching Executing clean in W__GLR JAV FILES_WORKS GLR_SPRING Lab Assessment 5_EMS] INFO  o.eclipse.m2e.core.internal.Bundles - 	Entry: C:\Programs Non Extracted\sts-4.18.0.RELEASE\plugins\org.eclipse.m2e.maven.runtime_3.8.701.20230209-1606\jars\plexus-classworlds-2.6.0.jar
2023-04-03 05:20:16,149 [Worker-10: Launching Executing clean in W__GLR JAV FILES_WORKS GLR_SPRING Lab Assessment 5_EMS] INFO  o.eclipse.m2e.core.internal.Bundles - 	Entry: C:\Programs Non Extracted\sts-4.18.0.RELEASE\plugins\org.eclipse.m2e.maven.runtime_3.8.701.20230209-1606\jars\plexus-component-annotations-2.1.0.jar
2023-04-03 05:20:16,150 [Worker-10: Launching Executing clean in W__GLR JAV FILES_WORKS GLR_SPRING Lab Assessment 5_EMS] INFO  o.eclipse.m2e.core.internal.Bundles - 	Entry: C:\Programs Non Extracted\sts-4.18.0.RELEASE\plugins\org.eclipse.m2e.maven.runtime_3.8.701.20230209-1606\jars\plexus-interpolation-1.26.jar
2023-04-03 05:20:16,151 [Worker-10: Launching Executing clean in W__GLR JAV FILES_WORKS GLR_SPRING Lab Assessment 5_EMS] INFO  o.eclipse.m2e.core.internal.Bundles - 	Entry: C:\Programs Non Extracted\sts-4.18.0.RELEASE\plugins\org.eclipse.m2e.maven.runtime_3.8.701.20230209-1606\jars\plexus-sec-dispatcher-2.0.jar
2023-04-03 05:20:16,152 [Worker-10: Launching Executing clean in W__GLR JAV FILES_WORKS GLR_SPRING Lab Assessment 5_EMS] INFO  o.eclipse.m2e.core.internal.Bundles - 	Entry: C:\Programs Non Extracted\sts-4.18.0.RELEASE\plugins\org.eclipse.m2e.maven.runtime_3.8.701.20230209-1606\jars\plexus-utils-3.3.1.jar
2023-04-03 05:20:16,152 [Worker-10: Launching Executing clean in W__GLR JAV FILES_WORKS GLR_SPRING Lab Assessment 5_EMS] INFO  o.eclipse.m2e.core.internal.Bundles - 	Entry: C:\Programs Non Extracted\sts-4.18.0.RELEASE\plugins\org.eclipse.m2e.maven.runtime_3.8.701.20230209-1606\jars\wagon-file-3.5.3.jar
2023-04-03 05:20:16,153 [Worker-10: Launching Executing clean in W__GLR JAV FILES_WORKS GLR_SPRING Lab Assessment 5_EMS] INFO  o.eclipse.m2e.core.internal.Bundles - 	Entry: C:\Programs Non Extracted\sts-4.18.0.RELEASE\plugins\org.eclipse.m2e.maven.runtime_3.8.701.20230209-1606\jars\wagon-provider-api-3.5.3.jar
2023-04-03 05:20:16,157 [Worker-10: Launching Executing clean in W__GLR JAV FILES_WORKS GLR_SPRING Lab Assessment 5_EMS] INFO  o.eclipse.m2e.core.internal.Bundles - getClasspathEntries(Bundle=com.google.guava_31.1.0.jre [23])
2023-04-03 05:20:16,160 [Worker-10: Launching Executing clean in W__GLR JAV FILES_WORKS GLR_SPRING Lab Assessment 5_EMS] INFO  o.eclipse.m2e.core.internal.Bundles - 	Entry: C:\Programs Non Extracted\sts-4.18.0.RELEASE\plugins\com.google.guava_31.1.0.jre.jar
2023-04-03 05:20:16,160 [Worker-10: Launching Executing clean in W__GLR JAV FILES_WORKS GLR_SPRING Lab Assessment 5_EMS] INFO  o.eclipse.m2e.core.internal.Bundles - getClasspathEntries(Bundle=slf4j.api_1.7.36 [580])
2023-04-03 05:20:16,162 [Worker-10: Launching Executing clean in W__GLR JAV FILES_WORKS GLR_SPRING Lab Assessment 5_EMS] INFO  o.eclipse.m2e.core.internal.Bundles - 	Entry: C:\Programs Non Extracted\sts-4.18.0.RELEASE\plugins\slf4j.api_1.7.36.jar
2023-04-03 05:20:16,162 [Worker-10: Launching Executing clean in W__GLR JAV FILES_WORKS GLR_SPRING Lab Assessment 5_EMS] INFO  o.eclipse.m2e.core.internal.Bundles - getClasspathEntries(Bundle=javax.inject_1.0.0.v20220405-0441 [50])
2023-04-03 05:20:16,167 [Worker-10: Launching Executing clean in W__GLR JAV FILES_WORKS GLR_SPRING Lab Assessment 5_EMS] INFO  o.eclipse.m2e.core.internal.Bundles - 	Entry: C:\Programs Non Extracted\sts-4.18.0.RELEASE\plugins\javax.inject_1.0.0.v20220405-0441.jar
2023-04-03 05:20:16,167 [Worker-10: Launching Executing clean in W__GLR JAV FILES_WORKS GLR_SPRING Lab Assessment 5_EMS] INFO  o.eclipse.m2e.core.internal.Bundles - getClasspathEntries(Bundle=javax.annotation_1.3.5.v20221203-1659 [48])
2023-04-03 05:20:16,172 [Worker-10: Launching Executing clean in W__GLR JAV FILES_WORKS GLR_SPRING Lab Assessment 5_EMS] INFO  o.eclipse.m2e.core.internal.Bundles - 	Entry: C:\Programs Non Extracted\sts-4.18.0.RELEASE\plugins\javax.annotation_1.3.5.v20221203-1659.jar
2023-04-03 05:20:16,172 [Worker-10: Launching Executing clean in W__GLR JAV FILES_WORKS GLR_SPRING Lab Assessment 5_EMS] INFO  o.eclipse.m2e.core.internal.Bundles - getClasspathEntries(Bundle=org.apache.commons.cli_1.4.0.v20221112-0806 [73])
2023-04-03 05:20:16,175 [Worker-10: Launching Executing clean in W__GLR JAV FILES_WORKS GLR_SPRING Lab Assessment 5_EMS] INFO  o.eclipse.m2e.core.internal.Bundles - 	Entry: C:\Programs Non Extracted\sts-4.18.0.RELEASE\plugins\org.apache.commons.cli_1.4.0.v20221112-0806.jar
2023-04-03 05:20:16,175 [Worker-10: Launching Executing clean in W__GLR JAV FILES_WORKS GLR_SPRING Lab Assessment 5_EMS] INFO  o.eclipse.m2e.core.internal.Bundles - getClasspathEntries(Bundle=com.google.guava.failureaccess_1.0.1 [25])
2023-04-03 05:20:16,177 [Worker-10: Launching Executing clean in W__GLR JAV FILES_WORKS GLR_SPRING Lab Assessment 5_EMS] INFO  o.eclipse.m2e.core.internal.Bundles - 	Entry: C:\Programs Non Extracted\sts-4.18.0.RELEASE\plugins\com.google.guava.failureaccess_1.0.1.jar
2023-04-03 05:20:16,184 [Worker-10: Launching Executing clean in W__GLR JAV FILES_WORKS GLR_SPRING Lab Assessment 5_EMS] INFO  o.e.m.i.launch.MavenLaunchDelegate - Run build in "W:\GLR JAV FILES\WORKS GLR\SPRING Lab Assessment 5\EMS":
2023-04-03 05:20:16,190 [Worker-10: Launching Executing clean in W__GLR JAV FILES_WORKS GLR_SPRING Lab Assessment 5_EMS] INFO  o.e.m.i.launch.MavenLaunchDelegate -  mvn  -B -Dstyle.color=always clean
2023-04-03 05:20:35,914 [Worker-4: Launching Executing install in W__GLR JAV FILES_WORKS GLR_SPRING Lab Assessment 5_EMS] INFO  o.e.m.i.launch.MavenLaunchDelegate - Run build in "W:\GLR JAV FILES\WORKS GLR\SPRING Lab Assessment 5\EMS":
2023-04-03 05:20:35,915 [Worker-4: Launching Executing install in W__GLR JAV FILES_WORKS GLR_SPRING Lab Assessment 5_EMS] INFO  o.e.m.i.launch.MavenLaunchDelegate -  mvn  -B -Dstyle.color=always install
